2026-02-12 20:17:12 error: Test Error Log Test Error Object
2026-02-12 20:25:47 error: uncaughtException: Cannot read properties of undefined (reading 'requestHandler')
TypeError: Cannot read properties of undefined (reading 'requestHandler')
    at file:///home/ravi/Desktop/my-project/gaming-site/server/src/app.js:47:25
    at ModuleJob.run (node:internal/modules/esm/module_job:371:25)
    at process.processTicksAndRejections (node:internal/process/task_queues:105:5)
    at async onImport.tracePromise.__proto__ (node:internal/modules/esm/loader:669:26)
    at async asyncRunEntryPointWithESMLoader (node:internal/modules/run_main:101:5)
2026-02-12 20:26:20 error: uncaughtException: Cannot read properties of undefined (reading 'requestHandler')
TypeError: Cannot read properties of undefined (reading 'requestHandler')
    at file:///home/ravi/Desktop/my-project/gaming-site/server/src/app.js:47:25
    at ModuleJob.run (node:internal/modules/esm/module_job:371:25)
    at process.processTicksAndRejections (node:internal/process/task_queues:105:5)
    at async onImport.tracePromise.__proto__ (node:internal/modules/esm/loader:669:26)
    at async asyncRunEntryPointWithESMLoader (node:internal/modules/run_main:101:5)
2026-02-12 20:27:17 error: uncaughtException: Cannot read properties of undefined (reading 'requestHandler')
TypeError: Cannot read properties of undefined (reading 'requestHandler')
    at file:///home/ravi/Desktop/my-project/gaming-site/server/src/app.js:47:25
    at ModuleJob.run (node:internal/modules/esm/module_job:371:25)
    at async onImport.tracePromise.__proto__ (node:internal/modules/esm/loader:669:26)
    at async asyncRunEntryPointWithESMLoader (node:internal/modules/run_main:101:5)
2026-02-12 20:27:48 error: uncaughtException: Cannot read properties of undefined (reading 'requestHandler')
TypeError: Cannot read properties of undefined (reading 'requestHandler')
    at file:///home/ravi/Desktop/my-project/gaming-site/server/src/app.js:47:25
    at ModuleJob.run (node:internal/modules/esm/module_job:371:25)
    at async onImport.tracePromise.__proto__ (node:internal/modules/esm/loader:669:26)
    at async asyncRunEntryPointWithESMLoader (node:internal/modules/run_main:101:5)
2026-02-12 20:28:13 error: uncaughtException: Cannot read properties of undefined (reading 'requestHandler')
TypeError: Cannot read properties of undefined (reading 'requestHandler')
    at file:///home/ravi/Desktop/my-project/gaming-site/server/src/app.js:47:25
    at ModuleJob.run (node:internal/modules/esm/module_job:371:25)
    at process.processTicksAndRejections (node:internal/process/task_queues:105:5)
    at async onImport.tracePromise.__proto__ (node:internal/modules/esm/loader:669:26)
    at async asyncRunEntryPointWithESMLoader (node:internal/modules/run_main:101:5)
2026-02-12 20:28:22 error: uncaughtException: Cannot read properties of undefined (reading 'requestHandler')
TypeError: Cannot read properties of undefined (reading 'requestHandler')
    at file:///home/ravi/Desktop/my-project/gaming-site/server/src/app.js:47:25
    at ModuleJob.run (node:internal/modules/esm/module_job:371:25)
    at async onImport.tracePromise.__proto__ (node:internal/modules/esm/loader:669:26)
    at async asyncRunEntryPointWithESMLoader (node:internal/modules/run_main:101:5)
2026-02-12 20:28:41 error: uncaughtException: Cannot read properties of undefined (reading 'requestHandler')
TypeError: Cannot read properties of undefined (reading 'requestHandler')
    at file:///home/ravi/Desktop/my-project/gaming-site/server/src/app.js:47:25
    at ModuleJob.run (node:internal/modules/esm/module_job:371:25)
    at async onImport.tracePromise.__proto__ (node:internal/modules/esm/loader:669:26)
    at async asyncRunEntryPointWithESMLoader (node:internal/modules/run_main:101:5)
2026-02-12 20:28:54 error: uncaughtException: Cannot read properties of undefined (reading 'requestHandler')
TypeError: Cannot read properties of undefined (reading 'requestHandler')
    at file:///home/ravi/Desktop/my-project/gaming-site/server/src/app.js:47:25
    at ModuleJob.run (node:internal/modules/esm/module_job:371:25)
    at process.processTicksAndRejections (node:internal/process/task_queues:105:5)
    at async onImport.tracePromise.__proto__ (node:internal/modules/esm/loader:669:26)
    at async asyncRunEntryPointWithESMLoader (node:internal/modules/run_main:101:5)
2026-02-12 20:29:08 error: uncaughtException: listen EADDRINUSE: address already in use :::4000
Error: listen EADDRINUSE: address already in use :::4000
    at Server.setupListenHandle [as _listen2] (node:net:1940:16)
    at listenInCluster (node:net:1997:12)
    at Server.listen (node:net:2102:7)
    at app.listen (/home/ravi/Desktop/my-project/gaming-site/server/node_modules/express/lib/application.js:635:24)
    at file:///home/ravi/Desktop/my-project/gaming-site/server/src/server.js:11:5
    at ModuleJob.run (node:internal/modules/esm/module_job:371:25)
    at async onImport.tracePromise.__proto__ (node:internal/modules/esm/loader:669:26)
    at async asyncRunEntryPointWithESMLoader (node:internal/modules/run_main:101:5)
2026-02-12 20:31:12 error: uncaughtException: listen EADDRINUSE: address already in use :::4000
Error: listen EADDRINUSE: address already in use :::4000
    at Server.setupListenHandle [as _listen2] (node:net:1940:16)
    at listenInCluster (node:net:1997:12)
    at Server.listen (node:net:2102:7)
    at app.listen (/home/ravi/Desktop/my-project/gaming-site/server/node_modules/express/lib/application.js:635:24)
    at file:///home/ravi/Desktop/my-project/gaming-site/server/src/server.js:11:5
    at ModuleJob.run (node:internal/modules/esm/module_job:371:25)
    at async onImport.tracePromise.__proto__ (node:internal/modules/esm/loader:669:26)
    at async asyncRunEntryPointWithESMLoader (node:internal/modules/run_main:101:5)
2026-02-12 20:31:45 error: uncaughtException: listen EADDRINUSE: address already in use :::4000
Error: listen EADDRINUSE: address already in use :::4000
    at Server.setupListenHandle [as _listen2] (node:net:1940:16)
    at listenInCluster (node:net:1997:12)
    at Server.listen (node:net:2102:7)
    at app.listen (/home/ravi/Desktop/my-project/gaming-site/server/node_modules/express/lib/application.js:635:24)
    at file:///home/ravi/Desktop/my-project/gaming-site/server/src/server.js:11:5
    at ModuleJob.run (node:internal/modules/esm/module_job:371:25)
    at async onImport.tracePromise.__proto__ (node:internal/modules/esm/loader:669:26)
    at async asyncRunEntryPointWithESMLoader (node:internal/modules/run_main:101:5)
2026-02-12 20:32:55 error: uncaughtException: listen EADDRINUSE: address already in use :::4000
Error: listen EADDRINUSE: address already in use :::4000
    at Server.setupListenHandle [as _listen2] (node:net:1940:16)
    at listenInCluster (node:net:1997:12)
    at Server.listen (node:net:2102:7)
    at app.listen (/home/ravi/Desktop/my-project/gaming-site/server/node_modules/express/lib/application.js:635:24)
    at file:///home/ravi/Desktop/my-project/gaming-site/server/src/server.js:11:5
    at ModuleJob.run (node:internal/modules/esm/module_job:371:25)
    at async onImport.tracePromise.__proto__ (node:internal/modules/esm/loader:669:26)
    at async asyncRunEntryPointWithESMLoader (node:internal/modules/run_main:101:5)
2026-02-12 20:33:05 error: "[object Object]" is not valid JSON
2026-02-12 20:37:55 error: Error: Redis timeout
    at Timeout._onTimeout (file:///home/ravi/Desktop/my-project/gaming-site/server/src/shared/middleware/rateLimiter.middleware.js:20:62)
    at listOnTimeout (node:internal/timers:608:17)
    at process.processTimers (node:internal/timers:543:7)
2026-02-12 20:37:55 error: Error: Redis timeout
    at Timeout._onTimeout (file:///home/ravi/Desktop/my-project/gaming-site/server/src/shared/middleware/rateLimiter.middleware.js:20:62)
    at listOnTimeout (node:internal/timers:608:17)
    at process.processTimers (node:internal/timers:543:7)
2026-02-12 20:37:55 error: Error: Redis timeout
    at Timeout._onTimeout (file:///home/ravi/Desktop/my-project/gaming-site/server/src/shared/middleware/rateLimiter.middleware.js:20:62)
    at listOnTimeout (node:internal/timers:608:17)
    at process.processTimers (node:internal/timers:543:7)
2026-02-12 20:40:21 error: Error: Redis timeout
    at Timeout._onTimeout (file:///home/ravi/Desktop/my-project/gaming-site/server/src/shared/middleware/rateLimiter.middleware.js:20:62)
    at listOnTimeout (node:internal/timers:608:17)
    at process.processTimers (node:internal/timers:543:7)
2026-02-12 20:40:21 error: Error: Redis timeout
    at Timeout._onTimeout (file:///home/ravi/Desktop/my-project/gaming-site/server/src/shared/middleware/rateLimiter.middleware.js:20:62)
    at listOnTimeout (node:internal/timers:608:17)
    at process.processTimers (node:internal/timers:543:7)
2026-02-12 20:40:21 error: Error: Redis timeout
    at Timeout._onTimeout (file:///home/ravi/Desktop/my-project/gaming-site/server/src/shared/middleware/rateLimiter.middleware.js:20:62)
    at listOnTimeout (node:internal/timers:608:17)
    at process.processTimers (node:internal/timers:543:7)
2026-02-12 20:43:43 error: Error: Redis timeout
    at Timeout._onTimeout (file:///home/ravi/Desktop/my-project/gaming-site/server/src/shared/middleware/rateLimiter.middleware.js:20:62)
    at listOnTimeout (node:internal/timers:608:17)
    at process.processTimers (node:internal/timers:543:7)
2026-02-12 20:43:43 error: Error: Redis timeout
    at Timeout._onTimeout (file:///home/ravi/Desktop/my-project/gaming-site/server/src/shared/middleware/rateLimiter.middleware.js:20:62)
    at listOnTimeout (node:internal/timers:608:17)
    at process.processTimers (node:internal/timers:543:7)
2026-02-12 20:43:44 error: Error: Redis timeout
    at Timeout._onTimeout (file:///home/ravi/Desktop/my-project/gaming-site/server/src/shared/middleware/rateLimiter.middleware.js:20:62)
    at listOnTimeout (node:internal/timers:608:17)
    at process.processTimers (node:internal/timers:543:7)
2026-02-12 20:43:45 error: Error: Redis timeout
    at Timeout._onTimeout (file:///home/ravi/Desktop/my-project/gaming-site/server/src/shared/middleware/cache.middleware.js:33:64)
    at listOnTimeout (node:internal/timers:608:17)
    at process.processTimers (node:internal/timers:543:7)
2026-02-12 20:43:45 error: Error: Redis timeout
    at Timeout._onTimeout (file:///home/ravi/Desktop/my-project/gaming-site/server/src/shared/middleware/cache.middleware.js:33:64)
    at listOnTimeout (node:internal/timers:608:17)
    at process.processTimers (node:internal/timers:543:7)
2026-02-12 20:43:45 error: Error: Redis timeout
    at Timeout._onTimeout (file:///home/ravi/Desktop/my-project/gaming-site/server/src/shared/middleware/rateLimiter.middleware.js:20:62)
    at listOnTimeout (node:internal/timers:608:17)
    at process.processTimers (node:internal/timers:543:7)
2026-02-12 20:43:56 error: Error: Redis timeout
    at Timeout._onTimeout (file:///home/ravi/Desktop/my-project/gaming-site/server/src/shared/middleware/rateLimiter.middleware.js:20:62)
    at listOnTimeout (node:internal/timers:608:17)
    at process.processTimers (node:internal/timers:543:7)
2026-02-12 20:43:57 error: Error: Redis timeout
    at Timeout._onTimeout (file:///home/ravi/Desktop/my-project/gaming-site/server/src/shared/middleware/rateLimiter.middleware.js:20:62)
    at listOnTimeout (node:internal/timers:608:17)
    at process.processTimers (node:internal/timers:543:7)
2026-02-12 20:43:57 error: Error: Redis timeout
    at Timeout._onTimeout (file:///home/ravi/Desktop/my-project/gaming-site/server/src/shared/middleware/rateLimiter.middleware.js:20:62)
    at listOnTimeout (node:internal/timers:608:17)
    at process.processTimers (node:internal/timers:543:7)
2026-02-12 20:43:58 error: SyntaxError: "[object Object]" is not valid JSON
    at JSON.parse (<anonymous>)
    at getUserProfile (file:///home/ravi/Desktop/my-project/gaming-site/server/src/modules/auth/auth.service.js:303:25)
    at process.processTicksAndRejections (node:internal/process/task_queues:105:5)
    at async file:///home/ravi/Desktop/my-project/gaming-site/server/src/modules/auth/auth.controller.js:187:41
    at async file:///home/ravi/Desktop/my-project/gaming-site/server/src/shared/middleware/error.middleware.js:82:5
2026-02-12 20:55:46 error: Error: Redis timeout
    at Timeout._onTimeout (file:///home/ravi/Desktop/my-project/gaming-site/server/src/shared/middleware/rateLimiter.middleware.js:20:62)
    at listOnTimeout (node:internal/timers:608:17)
    at process.processTimers (node:internal/timers:543:7)
2026-02-12 20:55:46 error: Error: Redis timeout
    at Timeout._onTimeout (file:///home/ravi/Desktop/my-project/gaming-site/server/src/shared/middleware/rateLimiter.middleware.js:20:62)
    at listOnTimeout (node:internal/timers:608:17)
    at process.processTimers (node:internal/timers:543:7)
2026-02-12 21:18:41 error: Rate limiter error [global] (falling back):
2026-02-12 21:18:42 error: Rate limiter error [global] (falling back):
2026-02-12 21:18:42 error: Rate limiter error [global] (falling back):
2026-02-12 21:18:42 error: Rate limiter error [global] (falling back):
2026-02-12 21:18:42 error: Rate limiter error [refreshToken] (falling back):
2026-02-12 21:18:43 error: Error: Redis timeout
    at Timeout._onTimeout (file:///home/ravi/Desktop/my-project/gaming-site/server/src/shared/middleware/cache.middleware.js:33:64)
    at listOnTimeout (node:internal/timers:608:17)
    at process.processTimers (node:internal/timers:543:7)
2026-02-12 21:18:43 error: Error: Redis timeout
    at Timeout._onTimeout (file:///home/ravi/Desktop/my-project/gaming-site/server/src/shared/middleware/cache.middleware.js:33:64)
    at listOnTimeout (node:internal/timers:608:17)
    at process.processTimers (node:internal/timers:543:7)
2026-02-12 21:42:28 error: CastError: Cast to ObjectId failed for value "invalid-id" (type string) at path "_id" for model "Event"
    at SchemaObjectId.cast (/home/ravi/Desktop/my-project/gaming-site/server/node_modules/mongoose/lib/schema/objectId.js:251:11)
    at SchemaObjectId.SchemaType.applySetters (/home/ravi/Desktop/my-project/gaming-site/server/node_modules/mongoose/lib/schemaType.js:1255:12)
    at SchemaObjectId.SchemaType.castForQuery (/home/ravi/Desktop/my-project/gaming-site/server/node_modules/mongoose/lib/schemaType.js:1673:17)
    at cast (/home/ravi/Desktop/my-project/gaming-site/server/node_modules/mongoose/lib/cast.js:390:32)
    at model.Query.Query.cast (/home/ravi/Desktop/my-project/gaming-site/server/node_modules/mongoose/lib/query.js:4907:12)
    at model.Query.Query._castConditions (/home/ravi/Desktop/my-project/gaming-site/server/node_modules/mongoose/lib/query.js:2325:10)
    at model.Query._findOne (/home/ravi/Desktop/my-project/gaming-site/server/node_modules/mongoose/lib/query.js:2648:8)
    at model.Query.exec (/home/ravi/Desktop/my-project/gaming-site/server/node_modules/mongoose/lib/query.js:4456:80)
    at processTicksAndRejections (node:internal/process/task_queues:105:5)
    at /home/ravi/Desktop/my-project/gaming-site/server/src/shared/middleware/rbac.middleware.js:78:31
2026-02-12 21:44:04 error: CastError: Cast to ObjectId failed for value "invalid-id" (type string) at path "_id" for model "Event"
    at SchemaObjectId.cast (/home/ravi/Desktop/my-project/gaming-site/server/node_modules/mongoose/lib/schema/objectId.js:251:11)
    at SchemaObjectId.SchemaType.applySetters (/home/ravi/Desktop/my-project/gaming-site/server/node_modules/mongoose/lib/schemaType.js:1255:12)
    at SchemaObjectId.SchemaType.castForQuery (/home/ravi/Desktop/my-project/gaming-site/server/node_modules/mongoose/lib/schemaType.js:1673:17)
    at cast (/home/ravi/Desktop/my-project/gaming-site/server/node_modules/mongoose/lib/cast.js:390:32)
    at model.Query.Query.cast (/home/ravi/Desktop/my-project/gaming-site/server/node_modules/mongoose/lib/query.js:4907:12)
    at model.Query.Query._castConditions (/home/ravi/Desktop/my-project/gaming-site/server/node_modules/mongoose/lib/query.js:2325:10)
    at model.Query._findOne (/home/ravi/Desktop/my-project/gaming-site/server/node_modules/mongoose/lib/query.js:2648:8)
    at model.Query.exec (/home/ravi/Desktop/my-project/gaming-site/server/node_modules/mongoose/lib/query.js:4456:80)
    at processTicksAndRejections (node:internal/process/task_queues:105:5)
    at /home/ravi/Desktop/my-project/gaming-site/server/src/shared/middleware/rbac.middleware.js:78:31
2026-02-12 21:44:44 error: ReferenceError: mongoose is not defined
    at /home/ravi/Desktop/my-project/gaming-site/server/src/shared/middleware/rbac.middleware.js:76:13
    at Layer.handle [as handle_request] (/home/ravi/Desktop/my-project/gaming-site/server/node_modules/express/lib/router/layer.js:95:5)
    at next (/home/ravi/Desktop/my-project/gaming-site/server/node_modules/express/lib/router/route.js:149:13)
    at /home/ravi/Desktop/my-project/gaming-site/server/src/shared/middleware/auth.middleware.js:63:5
    at processTicksAndRejections (node:internal/process/task_queues:105:5)
    at /home/ravi/Desktop/my-project/gaming-site/server/src/shared/middleware/error.middleware.js:82:5
2026-02-12 21:44:44 error: ReferenceError: mongoose is not defined
    at /home/ravi/Desktop/my-project/gaming-site/server/src/shared/middleware/rbac.middleware.js:76:13
    at Layer.handle [as handle_request] (/home/ravi/Desktop/my-project/gaming-site/server/node_modules/express/lib/router/layer.js:95:5)
    at next (/home/ravi/Desktop/my-project/gaming-site/server/node_modules/express/lib/router/route.js:149:13)
    at /home/ravi/Desktop/my-project/gaming-site/server/src/shared/middleware/auth.middleware.js:63:5
    at processTicksAndRejections (node:internal/process/task_queues:105:5)
    at /home/ravi/Desktop/my-project/gaming-site/server/src/shared/middleware/error.middleware.js:82:5
2026-02-12 21:44:44 error: ReferenceError: mongoose is not defined
    at /home/ravi/Desktop/my-project/gaming-site/server/src/shared/middleware/rbac.middleware.js:76:13
    at Layer.handle [as handle_request] (/home/ravi/Desktop/my-project/gaming-site/server/node_modules/express/lib/router/layer.js:95:5)
    at next (/home/ravi/Desktop/my-project/gaming-site/server/node_modules/express/lib/router/route.js:149:13)
    at /home/ravi/Desktop/my-project/gaming-site/server/src/shared/middleware/auth.middleware.js:63:5
    at processTicksAndRejections (node:internal/process/task_queues:105:5)
    at /home/ravi/Desktop/my-project/gaming-site/server/src/shared/middleware/error.middleware.js:82:5
2026-02-12 21:44:44 error: ReferenceError: mongoose is not defined
    at /home/ravi/Desktop/my-project/gaming-site/server/src/shared/middleware/rbac.middleware.js:76:13
    at Layer.handle [as handle_request] (/home/ravi/Desktop/my-project/gaming-site/server/node_modules/express/lib/router/layer.js:95:5)
    at next (/home/ravi/Desktop/my-project/gaming-site/server/node_modules/express/lib/router/route.js:149:13)
    at /home/ravi/Desktop/my-project/gaming-site/server/src/shared/middleware/auth.middleware.js:63:5
    at processTicksAndRejections (node:internal/process/task_queues:105:5)
    at /home/ravi/Desktop/my-project/gaming-site/server/src/shared/middleware/error.middleware.js:82:5
2026-02-12 21:44:45 error: ReferenceError: mongoose is not defined
    at /home/ravi/Desktop/my-project/gaming-site/server/src/shared/middleware/rbac.middleware.js:76:13
    at Layer.handle [as handle_request] (/home/ravi/Desktop/my-project/gaming-site/server/node_modules/express/lib/router/layer.js:95:5)
    at next (/home/ravi/Desktop/my-project/gaming-site/server/node_modules/express/lib/router/route.js:149:13)
    at /home/ravi/Desktop/my-project/gaming-site/server/src/shared/middleware/auth.middleware.js:63:5
    at processTicksAndRejections (node:internal/process/task_queues:105:5)
    at /home/ravi/Desktop/my-project/gaming-site/server/src/shared/middleware/error.middleware.js:82:5
2026-02-12 22:21:32 error: Rate limiter error [global] (falling back):
2026-02-12 23:14:07 error: >>> [AUTH] Redis check failed: Cannot read properties of null (reading '1')
2026-02-12 23:14:08 error: >>> [AUTH] Redis check failed: Cannot read properties of null (reading '1')
2026-02-12 23:14:09 error: >>> [AUTH] Redis check failed: Cannot read properties of null (reading '1')
2026-02-12 23:14:09 error: >>> [AUTH] Redis check failed: Cannot read properties of null (reading '1')
2026-02-12 23:14:10 error: >>> [AUTH] Redis check failed: Cannot read properties of null (reading '1')
2026-02-12 23:14:10 error: >>> [AUTH] Redis check failed: Cannot read properties of null (reading '1')
2026-02-12 23:14:10 error: >>> [AUTH] Redis check failed: Cannot read properties of null (reading '1')
2026-02-12 23:14:10 error: >>> [AUTH] Redis check failed: Cannot read properties of null (reading '1')
2026-02-12 23:14:10 error: >>> [AUTH] Redis check failed: Cannot read properties of null (reading '1')
2026-02-12 23:14:10 error: >>> [AUTH] Redis check failed: Cannot read properties of null (reading '1')
2026-02-12 23:14:10 error: >>> [AUTH] Redis check failed: Cannot read properties of null (reading '1')
2026-02-12 23:14:10 error: >>> [AUTH] Redis check failed: Cannot read properties of null (reading '1')
2026-02-12 23:14:10 error: >>> [AUTH] Redis check failed: Cannot read properties of null (reading '1')
2026-02-12 23:14:11 error: >>> [AUTH] Redis check failed: Cannot read properties of null (reading '1')
2026-02-12 23:14:11 error: >>> [AUTH] Redis check failed: Cannot read properties of null (reading '1')
2026-02-12 23:14:11 error: >>> [AUTH] Redis check failed: Cannot read properties of null (reading '1')
2026-02-12 23:14:11 error: >>> [AUTH] Redis check failed: Cannot read properties of null (reading '1')
2026-02-12 23:14:11 error: >>> [AUTH] Redis check failed: Cannot read properties of null (reading '1')
2026-02-12 23:14:11 error: >>> [AUTH] Redis check failed: Cannot read properties of null (reading '1')
2026-02-12 23:14:11 error: >>> [AUTH] Redis check failed: Cannot read properties of null (reading '1')
2026-02-12 23:14:11 error: >>> [AUTH] Redis check failed: Cannot read properties of null (reading '1')
2026-02-12 23:14:47 error: ReferenceError: logger is not defined
    at connectDB (file:///home/ravi/Desktop/my-project/gaming-site/server/src/shared/config/db.js:19:5)
    at process.processTicksAndRejections (node:internal/process/task_queues:105:5)
    at async startServer (file:///home/ravi/Desktop/my-project/gaming-site/server/src/server.js:14:5)
2026-02-12 23:14:55 error: >>> [AUTH] Redis check failed: Cannot read properties of null (reading '1')
2026-02-12 23:14:57 error: >>> [AUTH] Redis check failed: Cannot read properties of null (reading '1')
2026-02-12 23:14:57 error: >>> [AUTH] Redis check failed: Cannot read properties of null (reading '1')
2026-02-12 23:14:58 error: >>> [AUTH] Redis check failed: Cannot read properties of null (reading '1')
2026-02-12 23:14:58 error: >>> [AUTH] Redis check failed: Cannot read properties of null (reading '1')
2026-02-12 23:14:58 error: >>> [AUTH] Redis check failed: Cannot read properties of null (reading '1')
2026-02-12 23:14:58 error: >>> [AUTH] Redis check failed: Cannot read properties of null (reading '1')
2026-02-12 23:14:58 error: >>> [AUTH] Redis check failed: Cannot read properties of null (reading '1')
2026-02-12 23:14:58 error: >>> [AUTH] Redis check failed: Cannot read properties of null (reading '1')
2026-02-12 23:14:58 error: >>> [AUTH] Redis check failed: Cannot read properties of null (reading '1')
2026-02-12 23:14:58 error: >>> [AUTH] Redis check failed: Cannot read properties of null (reading '1')
2026-02-12 23:14:59 error: >>> [AUTH] Redis check failed: Cannot read properties of null (reading '1')
2026-02-12 23:14:59 error: >>> [AUTH] Redis check failed: Cannot read properties of null (reading '1')
2026-02-12 23:14:59 error: >>> [AUTH] Redis check failed: Cannot read properties of null (reading '1')
2026-02-12 23:14:59 error: >>> [AUTH] Redis check failed: Cannot read properties of null (reading '1')
2026-02-12 23:14:59 error: >>> [AUTH] Redis check failed: Cannot read properties of null (reading '1')
2026-02-12 23:14:59 error: >>> [AUTH] Redis check failed: Cannot read properties of null (reading '1')
2026-02-12 23:14:59 error: >>> [AUTH] Redis check failed: Cannot read properties of null (reading '1')
2026-02-12 23:14:59 error: >>> [AUTH] Redis check failed: Cannot read properties of null (reading '1')
2026-02-12 23:15:00 error: >>> [AUTH] Redis check failed: Cannot read properties of null (reading '1')
2026-02-12 23:15:00 error: >>> [AUTH] Redis check failed: Cannot read properties of null (reading '1')
2026-02-12 23:15:32 error: ReferenceError: logger is not defined
    at connectDB (file:///home/ravi/Desktop/my-project/gaming-site/server/src/shared/config/db.js:19:5)
    at process.processTicksAndRejections (node:internal/process/task_queues:105:5)
    at async startServer (file:///home/ravi/Desktop/my-project/gaming-site/server/src/server.js:14:5)
2026-02-12 23:15:47 error: >>> [AUTH] Redis check failed: Cannot read properties of null (reading '1')
2026-02-12 23:15:49 error: >>> [AUTH] Redis check failed: Cannot read properties of null (reading '1')
2026-02-12 23:15:49 error: >>> [AUTH] Redis check failed: Cannot read properties of null (reading '1')
2026-02-12 23:15:49 error: >>> [AUTH] Redis check failed: Cannot read properties of null (reading '1')
2026-02-12 23:15:50 error: >>> [AUTH] Redis check failed: Cannot read properties of null (reading '1')
2026-02-12 23:15:50 error: >>> [AUTH] Redis check failed: Cannot read properties of null (reading '1')
2026-02-12 23:15:50 error: >>> [AUTH] Redis check failed: Cannot read properties of null (reading '1')
2026-02-12 23:15:50 error: >>> [AUTH] Redis check failed: Cannot read properties of null (reading '1')
2026-02-12 23:15:50 error: >>> [AUTH] Redis check failed: Cannot read properties of null (reading '1')
2026-02-12 23:15:50 error: >>> [AUTH] Redis check failed: Cannot read properties of null (reading '1')
2026-02-12 23:15:50 error: >>> [AUTH] Redis check failed: Cannot read properties of null (reading '1')
2026-02-12 23:15:50 error: >>> [AUTH] Redis check failed: Cannot read properties of null (reading '1')
2026-02-12 23:15:50 error: >>> [AUTH] Redis check failed: Cannot read properties of null (reading '1')
2026-02-12 23:15:51 error: >>> [AUTH] Redis check failed: Cannot read properties of null (reading '1')
2026-02-12 23:15:51 error: >>> [AUTH] Redis check failed: Cannot read properties of null (reading '1')
2026-02-12 23:15:51 error: >>> [AUTH] Redis check failed: Cannot read properties of null (reading '1')
2026-02-12 23:15:51 error: >>> [AUTH] Redis check failed: Cannot read properties of null (reading '1')
2026-02-12 23:15:51 error: >>> [AUTH] Redis check failed: Cannot read properties of null (reading '1')
2026-02-12 23:15:51 error: >>> [AUTH] Redis check failed: Cannot read properties of null (reading '1')
2026-02-12 23:15:51 error: >>> [AUTH] Redis check failed: Cannot read properties of null (reading '1')
2026-02-12 23:15:51 error: >>> [AUTH] Redis check failed: Cannot read properties of null (reading '1')
2026-02-12 23:16:05 error: >>> [AUTH] Redis check failed: Cannot read properties of null (reading '1')
2026-02-12 23:16:05 error: >>> [AUTH] Redis check failed: Cannot read properties of null (reading '1')
2026-02-12 23:16:06 error: >>> [AUTH] Redis check failed: Cannot read properties of null (reading '1')
2026-02-12 23:16:07 error: >>> [AUTH] Redis check failed: Cannot read properties of null (reading '1')
2026-02-12 23:16:07 error: >>> [AUTH] Redis check failed: Cannot read properties of null (reading '1')
2026-02-12 23:16:07 error: >>> [AUTH] Redis check failed: Cannot read properties of null (reading '1')
2026-02-12 23:16:07 error: >>> [AUTH] Redis check failed: Cannot read properties of null (reading '1')
2026-02-12 23:16:07 error: >>> [AUTH] Redis check failed: Cannot read properties of null (reading '1')
2026-02-12 23:16:07 error: >>> [AUTH] Redis check failed: Cannot read properties of null (reading '1')
2026-02-12 23:16:07 error: >>> [AUTH] Redis check failed: Cannot read properties of null (reading '1')
2026-02-12 23:16:08 error: >>> [AUTH] Redis check failed: Cannot read properties of null (reading '1')
2026-02-12 23:16:08 error: >>> [AUTH] Redis check failed: Cannot read properties of null (reading '1')
2026-02-12 23:16:08 error: >>> [AUTH] Redis check failed: Cannot read properties of null (reading '1')
2026-02-12 23:16:08 error: >>> [AUTH] Redis check failed: Cannot read properties of null (reading '1')
2026-02-12 23:16:08 error: >>> [AUTH] Redis check failed: Cannot read properties of null (reading '1')
2026-02-12 23:16:08 error: >>> [AUTH] Redis check failed: Cannot read properties of null (reading '1')
2026-02-12 23:16:08 error: >>> [AUTH] Redis check failed: Cannot read properties of null (reading '1')
2026-02-12 23:16:08 error: >>> [AUTH] Redis check failed: Cannot read properties of null (reading '1')
2026-02-12 23:16:08 error: >>> [AUTH] Redis check failed: Cannot read properties of null (reading '1')
2026-02-12 23:16:09 error: >>> [AUTH] Redis check failed: Cannot read properties of null (reading '1')
2026-02-12 23:16:09 error: >>> [AUTH] Redis check failed: Cannot read properties of null (reading '1')
